TN:
SF:src\app.js
FN:83,(anonymous_0)
FN:85,(anonymous_1)
FNF:2
FNH:2
FNDA:1,(anonymous_0)
FNDA:1,(anonymous_1)
DA:2,1
DA:3,1
DA:4,1
DA:5,1
DA:6,1
DA:7,1
DA:8,1
DA:9,1
DA:10,1
DA:13,1
DA:14,1
DA:15,1
DA:16,1
DA:17,1
DA:18,1
DA:19,1
DA:22,1
DA:23,1
DA:24,1
DA:27,1
DA:29,1
DA:32,1
DA:33,1
DA:36,1
DA:41,1
DA:50,1
DA:59,1
DA:68,1
DA:77,1
DA:78,1
DA:79,1
DA:80,1
DA:83,1
DA:85,1
DA:86,1
DA:87,1
DA:88,1
DA:90,0
DA:95,1
DA:96,1
DA:97,1
DA:98,1
DA:99,1
DA:100,1
DA:101,1
DA:103,1
DA:104,1
DA:105,1
DA:108,1
DA:109,1
DA:112,1
DA:114,1
LF:52
LH:51
BRDA:34,0,0,1
BRDA:34,0,1,1
BRF:2
BRH:2
end_of_record
TN:
SF:src\config\db.js
FNF:0
FNH:0
DA:2,4
DA:3,4
DA:5,4
DA:8,4
DA:9,4
DA:10,4
DA:11,0
DA:14,4
DA:21,4
DA:24,4
DA:27,4
DA:30,4
DA:33,4
DA:36,4
DA:39,4
DA:42,4
DA:45,4
DA:47,4
LF:18
LH:17
BRDA:5,0,0,4
BRDA:5,0,1,3
BRDA:10,1,0,0
BRDA:10,1,1,4
BRF:4
BRH:3
end_of_record
TN:
SF:src\config\index.js
FNF:0
FNH:0
DA:3,0
DA:5,0
LF:2
LH:0
BRDA:6,0,0,0
BRDA:6,0,1,0
BRDA:7,1,0,0
BRDA:7,1,1,0
BRDA:8,2,0,0
BRDA:8,2,1,0
BRF:6
BRH:0
end_of_record
TN:
SF:src\config\migrate.js
FN:10,runMigrations
FN:38,_ensurePublicFridge
FNF:2
FNH:2
FNDA:1,runMigrations
FNDA:1,_ensurePublicFridge
DA:5,1
DA:6,1
DA:7,1
DA:8,1
DA:11,1
DA:12,1
DA:13,1
DA:16,1
DA:18,1
DA:22,1
DA:25,0
DA:26,0
DA:39,1
DA:41,1
DA:45,1
DA:47,1
DA:49,1
DA:50,0
DA:54,0
DA:57,1
DA:58,1
DA:62,0
DA:63,0
DA:64,0
DA:67,0
DA:71,1
LF:26
LH:18
BRDA:45,0,0,1
BRDA:45,0,1,0
BRDA:49,1,0,0
BRDA:49,1,1,1
BRDA:62,2,0,0
BRDA:62,2,1,0
BRF:6
BRH:2
end_of_record
TN:
SF:src\controllers\authController.js
FN:4,register
FN:24,me
FNF:2
FNH:0
FNDA:0,register
FNDA:0,me
DA:1,1
DA:2,1
DA:5,0
DA:6,0
DA:8,0
DA:18,0
DA:20,0
DA:25,0
DA:26,0
DA:27,0
DA:28,0
DA:30,0
DA:34,1
LF:13
LH:3
BRDA:26,0,0,0
BRDA:26,0,1,0
BRDA:26,0,2,0
BRF:3
BRH:0
end_of_record
TN:
SF:src\controllers\chatController.js
FN:5,openDm
FN:26,listRooms
FN:32,(anonymous_2)
FN:48,getMessages
FN:67,sendMessage
FNF:5
FNH:0
FNDA:0,openDm
FNDA:0,listRooms
FNDA:0,(anonymous_2)
FNDA:0,getMessages
FNDA:0,sendMessage
DA:1,1
DA:2,1
DA:3,1
DA:6,0
DA:7,0
DA:9,0
DA:10,0
DA:11,0
DA:13,0
DA:16,0
DA:22,0
DA:27,0
DA:28,0
DA:29,0
DA:31,0
DA:32,0
DA:44,0
DA:49,0
DA:50,0
DA:51,0
DA:52,0
DA:54,0
DA:55,0
DA:57,0
DA:58,0
DA:60,0
DA:61,0
DA:63,0
DA:68,0
DA:69,0
DA:70,0
DA:71,0
DA:73,0
DA:74,0
DA:77,0
DA:78,0
DA:80,0
DA:81,0
DA:83,0
DA:87,1
LF:40
LH:4
BRDA:10,0,0,0
BRDA:10,0,1,0
BRDA:10,1,0,0
BRDA:10,1,1,0
BRDA:11,2,0,0
BRDA:11,2,1,0
BRDA:52,3,0,0
BRDA:52,3,1,0
BRDA:52,4,0,0
BRDA:52,4,1,0
BRDA:55,5,0,0
BRDA:55,5,1,0
BRDA:57,6,0,0
BRDA:57,6,1,0
BRDA:58,7,0,0
BRDA:58,7,1,0
BRDA:71,8,0,0
BRDA:71,8,1,0
BRDA:71,9,0,0
BRDA:71,9,1,0
BRDA:74,10,0,0
BRDA:74,10,1,0
BRDA:77,11,0,0
BRDA:77,11,1,0
BRDA:77,11,2,0
BRDA:78,12,0,0
BRDA:78,12,1,0
BRF:27
BRH:0
end_of_record
TN:
SF:src\controllers\donationController.js
FN:3,requestDonation
FN:19,listItemRequests
FN:29,acceptRequest
FN:39,confirmPickup
FN:49,listMyDonations
FN:57,rejectRequest
FNF:6
FNH:0
FNDA:0,requestDonation
FNDA:0,listItemRequests
FNDA:0,acceptRequest
FNDA:0,confirmPickup
FNDA:0,listMyDonations
FNDA:0,rejectRequest
DA:1,1
DA:4,0
DA:5,0
DA:7,0
DA:13,0
DA:15,0
DA:20,0
DA:21,0
DA:22,0
DA:23,0
DA:25,0
DA:30,0
DA:31,0
DA:32,0
DA:33,0
DA:35,0
DA:40,0
DA:41,0
DA:42,0
DA:43,0
DA:45,0
DA:50,0
DA:51,0
DA:52,0
DA:54,0
DA:58,0
DA:59,0
DA:60,0
DA:61,0
DA:62,0
DA:64,0
DA:69,1
LF:32
LH:2
BRDA:10,0,0,0
BRDA:10,0,1,0
BRDA:60,1,0,0
BRDA:60,1,1,0
BRF:4
BRH:0
end_of_record
TN:
SF:src\controllers\followController.js
FN:4,request
FN:17,accept
FN:31,incoming
FNF:3
FNH:0
FNDA:0,request
FNDA:0,accept
FNDA:0,incoming
DA:1,1
DA:2,1
DA:5,0
DA:6,0
DA:7,0
DA:8,0
DA:10,0
DA:11,0
DA:13,0
DA:18,0
DA:19,0
DA:20,0
DA:22,0
DA:23,0
DA:25,0
DA:27,0
DA:32,0
DA:33,0
DA:34,0
DA:36,0
DA:40,1
LF:21
LH:3
BRDA:8,0,0,0
BRDA:8,0,1,0
BRDA:23,1,0,0
BRDA:23,1,1,0
BRF:4
BRH:0
end_of_record
TN:
SF:src\controllers\fridgeController.js
FN:3,createFridge
FN:21,getFridge
FNF:2
FNH:0
FNDA:0,createFridge
FNDA:0,getFridge
DA:1,1
DA:4,0
DA:5,0
DA:6,0
DA:15,0
DA:17,0
DA:22,0
DA:23,0
DA:24,0
DA:25,0
DA:27,0
DA:31,1
LF:12
LH:2
BRF:0
BRH:0
end_of_record
TN:
SF:src\controllers\itemController.js
FN:4,toNumberOrNull
FN:10,toIntOr
FN:15,cleanStringOrNull
FN:23,getFeed
FN:64,getMap
FN:97,getItemDetail
FN:111,getMyPrivateItems
FN:120,getMyPublicItems
FN:130,listItemsByFridge
FN:142,updateMyItem
FN:153,removeMyItem
FN:163,createItem
FN:204,getPublicItemsByUser
FNF:13
FNH:0
FNDA:0,toNumberOrNull
FNDA:0,toIntOr
FNDA:0,cleanStringOrNull
FNDA:0,getFeed
FNDA:0,getMap
FNDA:0,getItemDetail
FNDA:0,getMyPrivateItems
FNDA:0,getMyPublicItems
FNDA:0,listItemsByFridge
FNDA:0,updateMyItem
FNDA:0,removeMyItem
FNDA:0,createItem
FNDA:0,getPublicItemsByUser
DA:1,1
DA:2,1
DA:5,0
DA:6,0
DA:7,0
DA:11,0
DA:12,0
DA:16,0
DA:17,0
DA:18,0
DA:19,0
DA:24,0
DA:25,0
DA:27,0
DA:28,0
DA:29,0
DA:30,0
DA:32,0
DA:33,0
DA:34,0
DA:37,0
DA:38,0
DA:39,0
DA:41,0
DA:42,0
DA:45,0
DA:50,0
DA:54,0
DA:57,0
DA:59,0
DA:65,0
DA:66,0
DA:67,0
DA:69,0
DA:70,0
DA:73,0
DA:77,0
DA:79,0
DA:80,0
DA:82,0
DA:90,0
DA:92,0
DA:98,0
DA:99,0
DA:100,0
DA:102,0
DA:103,0
DA:105,0
DA:107,0
DA:112,0
DA:113,0
DA:114,0
DA:116,0
DA:121,0
DA:122,0
DA:123,0
DA:125,0
DA:131,0
DA:132,0
DA:133,0
DA:134,0
DA:136,0
DA:137,0
DA:139,0
DA:143,0
DA:144,0
DA:145,0
DA:146,0
DA:147,0
DA:149,0
DA:154,0
DA:155,0
DA:156,0
DA:157,0
DA:159,0
DA:164,0
DA:176,0
DA:178,0
DA:179,0
DA:180,0
DA:183,0
DA:198,0
DA:200,0
DA:205,0
DA:206,0
DA:207,0
DA:209,0
DA:211,0
DA:212,0
DA:215,0
DA:219,1
LF:91
LH:3
BRDA:5,0,0,0
BRDA:5,0,1,0
BRDA:5,1,0,0
BRDA:5,1,1,0
BRDA:5,1,2,0
BRDA:7,2,0,0
BRDA:7,2,1,0
BRDA:12,3,0,0
BRDA:12,3,1,0
BRDA:16,4,0,0
BRDA:16,4,1,0
BRDA:16,5,0,0
BRDA:16,5,1,0
BRDA:17,6,0,0
BRDA:17,6,1,0
BRDA:19,7,0,0
BRDA:19,7,1,0
BRDA:25,8,0,0
BRDA:25,8,1,0
BRDA:32,9,0,0
BRDA:32,9,1,0
BRDA:37,10,0,0
BRDA:37,10,1,0
BRDA:41,11,0,0
BRDA:41,11,1,0
BRDA:41,12,0,0
BRDA:41,12,1,0
BRDA:46,13,0,0
BRDA:46,13,1,0
BRDA:69,14,0,0
BRDA:69,14,1,0
BRDA:69,15,0,0
BRDA:69,15,1,0
BRDA:74,16,0,0
BRDA:74,16,1,0
BRDA:100,17,0,0
BRDA:100,17,1,0
BRDA:100,18,0,0
BRDA:100,18,1,0
BRDA:103,19,0,0
BRDA:103,19,1,0
BRDA:133,20,0,0
BRDA:133,20,1,0
BRDA:133,21,0,0
BRDA:133,21,1,0
BRDA:179,22,0,0
BRDA:179,22,1,0
BRDA:207,23,0,0
BRDA:207,23,1,0
BRDA:207,24,0,0
BRDA:207,24,1,0
BRDA:209,25,0,0
BRDA:209,25,1,0
BRF:53
BRH:0
end_of_record
TN:
SF:src\controllers\privateFridgeController.js
FN:4,toInt
FN:9,listMyPrivateFridges
FN:18,createPrivateFridge
FN:35,listItems
FN:49,addPrivateItem
FN:73,transferItemToPublicFridge
FN:94,listMyPublicFridges
FN:102,updatePrivateFridge
FN:125,deletePrivateFridge
FN:141,updatePrivateItem
FN:161,deletePrivateItem
FN:180,listExpiringItemsInPrivateFridge
FNF:12
FNH:0
FNDA:0,toInt
FNDA:0,listMyPrivateFridges
FNDA:0,createPrivateFridge
FNDA:0,listItems
FNDA:0,addPrivateItem
FNDA:0,transferItemToPublicFridge
FNDA:0,listMyPublicFridges
FNDA:0,updatePrivateFridge
FNDA:0,deletePrivateFridge
FNDA:0,updatePrivateItem
FNDA:0,deletePrivateItem
FNDA:0,listExpiringItemsInPrivateFridge
DA:1,1
DA:2,1
DA:5,0
DA:6,0
DA:10,0
DA:11,0
DA:12,0
DA:14,0
DA:19,0
DA:20,0
DA:21,0
DA:29,0
DA:31,0
DA:36,0
DA:37,0
DA:38,0
DA:39,0
DA:43,0
DA:45,0
DA:50,0
DA:51,0
DA:52,0
DA:53,0
DA:55,0
DA:67,0
DA:69,0
DA:74,0
DA:75,0
DA:76,0
DA:78,0
DA:79,0
DA:81,0
DA:88,0
DA:90,0
DA:95,0
DA:96,0
DA:97,0
DA:99,0
DA:103,0
DA:104,0
DA:105,0
DA:107,0
DA:109,0
DA:119,0
DA:121,0
DA:126,0
DA:127,0
DA:128,0
DA:130,0
DA:135,0
DA:137,0
DA:142,0
DA:143,0
DA:144,0
DA:145,0
DA:146,0
DA:148,0
DA:155,0
DA:157,0
DA:162,0
DA:163,0
DA:164,0
DA:165,0
DA:166,0
DA:168,0
DA:174,0
DA:176,0
DA:181,0
DA:182,0
DA:183,0
DA:185,0
DA:187,0
DA:193,0
DA:195,0
DA:199,1
LF:75
LH:3
BRDA:6,0,0,0
BRDA:6,0,1,0
BRDA:38,1,0,0
BRDA:38,1,1,0
BRDA:52,2,0,0
BRDA:52,2,1,0
BRDA:76,3,0,0
BRDA:76,3,1,0
BRDA:79,4,0,0
BRDA:79,4,1,0
BRDA:105,5,0,0
BRDA:105,5,1,0
BRDA:128,6,0,0
BRDA:128,6,1,0
BRDA:145,7,0,0
BRDA:145,7,1,0
BRDA:146,8,0,0
BRDA:146,8,1,0
BRDA:165,9,0,0
BRDA:165,9,1,0
BRDA:166,10,0,0
BRDA:166,10,1,0
BRDA:183,11,0,0
BRDA:183,11,1,0
BRDA:185,12,0,0
BRDA:185,12,1,0
BRF:26
BRH:0
end_of_record
TN:
SF:src\controllers\uploadController.js
FN:4,uploadImage
FN:11,(anonymous_1)
FN:17,(anonymous_2)
FNF:3
FNH:0
FNDA:0,uploadImage
FNDA:0,(anonymous_1)
FNDA:0,(anonymous_2)
DA:1,1
DA:2,1
DA:5,0
DA:6,0
DA:9,0
DA:11,0
DA:12,0
DA:18,0
DA:19,0
DA:22,0
DA:25,0
DA:30,0
DA:34,1
LF:13
LH:3
BRDA:6,0,0,0
BRDA:6,0,1,0
BRDA:9,1,0,0
BRDA:9,1,1,0
BRDA:18,2,0,0
BRDA:18,2,1,0
BRF:6
BRH:0
end_of_record
TN:
SF:src\controllers\userController.js
FN:4,getSummary
FN:12,getTopDonors
FN:21,updateMe
FN:29,getPublicUser
FNF:4
FNH:0
FNDA:0,getSummary
FNDA:0,getTopDonors
FNDA:0,updateMe
FNDA:0,getPublicUser
DA:1,1
DA:2,1
DA:5,0
DA:6,0
DA:7,0
DA:9,0
DA:13,0
DA:14,0
DA:15,0
DA:16,0
DA:18,0
DA:22,0
DA:23,0
DA:24,0
DA:26,0
DA:30,0
DA:31,0
DA:32,0
DA:33,0
DA:36,0
DA:37,0
DA:40,0
DA:45,0
DA:57,0
DA:61,1
LF:25
LH:3
BRDA:14,0,0,0
BRDA:14,0,1,0
BRDA:32,1,0,0
BRDA:32,1,1,0
BRDA:32,2,0,0
BRDA:32,2,1,0
BRDA:37,3,0,0
BRDA:37,3,1,0
BRDA:40,4,0,0
BRDA:40,4,1,0
BRDA:40,4,2,0
BRDA:40,4,3,0
BRDA:40,4,4,0
BRDA:48,5,0,0
BRDA:48,5,1,0
BRDA:49,6,0,0
BRDA:49,6,1,0
BRDA:50,7,0,0
BRDA:50,7,1,0
BRDA:51,8,0,0
BRDA:51,8,1,0
BRDA:53,9,0,0
BRDA:53,9,1,0
BRF:23
BRH:0
end_of_record
TN:
SF:src\jobs\expiryJob.js
FN:8,_daysLeft
FN:21,_getTodayKey
FN:26,runExpiryCheck
FN:67,scheduleExpiryJob
FN:69,(anonymous_4)
FN:76,(anonymous_5)
FN:77,(anonymous_6)
FN:81,(anonymous_7)
FN:82,(anonymous_8)
FN:87,stopExpiryJob
FNF:10
FNH:3
FNDA:0,_daysLeft
FNDA:0,_getTodayKey
FNDA:1,runExpiryCheck
FNDA:1,scheduleExpiryJob
FNDA:0,(anonymous_4)
FNDA:0,(anonymous_5)
FNDA:0,(anonymous_6)
FNDA:1,(anonymous_7)
FNDA:0,(anonymous_8)
FNDA:0,stopExpiryJob
DA:2,1
DA:3,1
DA:4,1
DA:5,1
DA:6,1
DA:9,0
DA:10,0
DA:11,0
DA:12,0
DA:13,0
DA:14,0
DA:19,1
DA:22,0
DA:23,0
DA:27,1
DA:29,1
DA:30,1
DA:31,3
DA:33,3
DA:34,0
DA:35,0
DA:37,0
DA:40,0
DA:41,0
DA:42,0
DA:43,0
DA:44,0
DA:45,0
DA:46,0
DA:52,0
DA:53,0
DA:58,1
DA:60,0
DA:65,1
DA:69,1
DA:70,0
DA:71,0
DA:72,0
DA:76,1
DA:77,0
DA:81,1
DA:82,1
DA:88,0
DA:89,0
DA:90,0
DA:94,1
LF:46
LH:18
BRDA:34,0,0,0
BRDA:34,0,1,0
BRDA:35,1,0,0
BRDA:35,1,1,0
BRDA:40,2,0,0
BRDA:40,2,1,0
BRDA:41,3,0,0
BRDA:41,3,1,0
BRDA:41,3,2,0
BRDA:42,4,0,0
BRDA:42,4,1,0
BRDA:44,5,0,0
BRDA:44,5,1,0
BRDA:52,6,0,0
BRDA:52,6,1,0
BRDA:88,7,0,0
BRDA:88,7,1,0
BRF:17
BRH:0
end_of_record
TN:
SF:src\middlewares\authMiddleware.js
FN:15,getCachedUid
FN:25,setCachedUid
FN:34,authMiddleware
FNF:3
FNH:1
FNDA:0,getCachedUid
FNDA:0,setCachedUid
FNDA:1,authMiddleware
DA:2,1
DA:3,1
DA:4,1
DA:5,1
DA:11,1
DA:12,1
DA:13,1
DA:16,0
DA:17,0
DA:18,0
DA:19,0
DA:20,0
DA:22,0
DA:27,0
DA:28,0
DA:29,0
DA:31,0
DA:34,1
DA:35,1
DA:36,1
DA:37,1
DA:39,0
DA:42,0
DA:44,0
DA:46,0
DA:47,0
DA:48,0
DA:52,0
DA:53,0
DA:55,0
DA:67,0
DA:69,1
DA:70,1
LF:33
LH:13
BRDA:17,0,0,0
BRDA:17,0,1,0
BRDA:18,1,0,0
BRDA:18,1,1,0
BRDA:27,2,0,0
BRDA:27,2,1,0
BRDA:37,3,0,1
BRDA:37,3,1,0
BRDA:44,4,0,0
BRDA:44,4,1,0
BRDA:53,5,0,0
BRDA:53,5,1,0
BRDA:58,6,0,0
BRDA:58,6,1,0
BRDA:59,7,0,0
BRDA:59,7,1,0
BRDA:60,8,0,0
BRDA:60,8,1,0
BRDA:61,9,0,0
BRDA:61,9,1,0
BRDA:62,10,0,0
BRDA:62,10,1,0
BRDA:63,11,0,0
BRDA:63,11,1,0
BRDA:64,12,0,0
BRDA:64,12,1,0
BRDA:69,13,0,1
BRDA:69,13,1,0
BRDA:70,14,0,1
BRDA:70,14,1,0
BRF:30
BRH:3
end_of_record
TN:
SF:src\middlewares\errorMiddleware.js
FN:4,notFoundHandler
FN:8,errorHandler
FNF:2
FNH:2
FNDA:1,notFoundHandler
FNDA:2,errorHandler
DA:1,1
DA:2,1
DA:5,1
DA:9,2
DA:11,2
DA:12,2
DA:18,0
DA:23,1
LF:8
LH:7
BRDA:11,0,0,2
BRDA:11,0,1,0
BRDA:14,1,0,2
BRDA:14,1,1,2
BRF:4
BRH:3
end_of_record
TN:
SF:src\middlewares\roleMiddleware.js
FN:3,roleMiddleware
FN:4,(anonymous_1)
FNF:2
FNH:1
FNDA:14,roleMiddleware
FNDA:0,(anonymous_1)
DA:1,1
DA:4,14
DA:5,0
DA:6,0
DA:8,0
DA:9,0
DA:11,0
DA:15,1
LF:8
LH:3
BRDA:3,0,0,0
BRDA:5,1,0,0
BRDA:5,1,1,0
BRDA:8,2,0,0
BRDA:8,2,1,0
BRF:5
BRH:0
end_of_record
TN:
SF:src\middlewares\validationMiddleware.js
FN:3,validate
FN:4,(anonymous_1)
FN:12,(anonymous_2)
FNF:3
FNH:1
FNDA:10,validate
FNDA:0,(anonymous_1)
FNDA:0,(anonymous_2)
DA:1,1
DA:4,10
DA:5,0
DA:10,0
DA:11,0
DA:12,0
DA:16,0
DA:17,0
DA:21,1
LF:9
LH:3
BRDA:10,0,0,0
BRDA:10,0,1,0
BRF:2
BRH:0
end_of_record
TN:
SF:src\repositories\chatRepository.js
FN:4,getOrCreateDmRoom
FN:23,getOrCreateDonationRoom
FN:45,isUserInRoom
FN:70,insertMessage
FN:84,createMessage
FN:89,listMessages
FN:118,listUserRooms
FNF:7
FNH:0
FNDA:0,getOrCreateDmRoom
FNDA:0,getOrCreateDonationRoom
FNDA:0,isUserInRoom
FNDA:0,insertMessage
FNDA:0,createMessage
FNDA:0,listMessages
FNDA:0,listUserRooms
DA:2,2
DA:5,0
DA:6,0
DA:8,0
DA:14,0
DA:16,0
DA:20,0
DA:24,0
DA:31,0
DA:33,0
DA:37,0
DA:46,0
DA:51,0
DA:53,0
DA:54,0
DA:57,0
DA:58,0
DA:59,0
DA:62,0
DA:63,0
DA:66,0
DA:71,0
DA:75,0
DA:85,0
DA:90,0
DA:91,0
DA:99,0
DA:102,0
DA:110,0
DA:119,0
DA:179,2
LF:31
LH:2
BRDA:14,0,0,0
BRDA:14,0,1,0
BRDA:31,1,0,0
BRDA:31,1,1,0
BRDA:51,2,0,0
BRDA:51,2,1,0
BRDA:53,3,0,0
BRDA:53,3,1,0
BRDA:54,4,0,0
BRDA:54,4,1,0
BRDA:57,5,0,0
BRDA:57,5,1,0
BRDA:58,6,0,0
BRDA:58,6,1,0
BRDA:62,7,0,0
BRDA:62,7,1,0
BRDA:63,8,0,0
BRDA:63,8,1,0
BRDA:89,9,0,0
BRDA:89,10,0,0
BRDA:90,11,0,0
BRDA:90,11,1,0
BRDA:118,12,0,0
BRF:23
BRH:0
end_of_record
TN:
SF:src\repositories\donationRepository.js
FN:4,createDonation
FN:12,getDonationById
FN:17,getDonationForUpdate
FN:22,acceptDonationTx
FN:33,cancelOtherPendingTx
FN:45,setDonorConfirmedTx
FN:54,setRecipientConfirmedTx
FN:63,completeDonationTx
FN:75,findPendingByItemAndRecipient
FN:83,listPendingRequestsByItem
FN:93,cancelOtherPendingRequests
FN:105,setDonorConfirmed
FN:114,setRecipientConfirmed
FN:123,completeDonationWithPoints
FN:135,findActiveByItemAndRecipient
FN:144,rejectRequest
FN:159,listUserDonations
FN:167,listUserDonationsDetailed
FNF:18
FNH:0
FNDA:0,createDonation
FNDA:0,getDonationById
FNDA:0,getDonationForUpdate
FNDA:0,acceptDonationTx
FNDA:0,cancelOtherPendingTx
FNDA:0,setDonorConfirmedTx
FNDA:0,setRecipientConfirmedTx
FNDA:0,completeDonationTx
FNDA:0,findPendingByItemAndRecipient
FNDA:0,listPendingRequestsByItem
FNDA:0,cancelOtherPendingRequests
FNDA:0,setDonorConfirmed
FNDA:0,setRecipientConfirmed
FNDA:0,completeDonationWithPoints
FNDA:0,findActiveByItemAndRecipient
FNDA:0,rejectRequest
FNDA:0,listUserDonations
FNDA:0,listUserDonationsDetailed
DA:2,2
DA:5,0
DA:9,0
DA:13,0
DA:19,0
DA:23,0
DA:30,0
DA:34,0
DA:46,0
DA:55,0
DA:64,0
DA:72,0
DA:76,0
DA:84,0
DA:94,0
DA:106,0
DA:115,0
DA:124,0
DA:132,0
DA:136,0
DA:145,0
DA:155,0
DA:156,0
DA:160,0
DA:168,0
DA:185,2
LF:26
LH:2
BRDA:13,0,0,0
BRDA:13,0,1,0
BRDA:19,1,0,0
BRDA:19,1,1,0
BRDA:30,2,0,0
BRDA:30,2,1,0
BRDA:72,3,0,0
BRDA:72,3,1,0
BRDA:76,4,0,0
BRDA:76,4,1,0
BRDA:132,5,0,0
BRDA:132,5,1,0
BRDA:136,6,0,0
BRDA:136,6,1,0
BRDA:144,7,0,0
BRDA:156,8,0,0
BRDA:156,8,1,0
BRDA:156,9,0,0
BRDA:156,9,1,0
BRF:19
BRH:0
end_of_record
TN:
SF:src\repositories\followRepository.js
FN:4,requestFollow
FN:24,acceptFollow
FN:35,listIncomingRequests
FN:45,isMutualAccepted
FNF:4
FNH:0
FNDA:0,requestFollow
FNDA:0,acceptFollow
FNDA:0,listIncomingRequests
FNDA:0,isMutualAccepted
DA:2,1
DA:6,0
DA:10,0
DA:11,0
DA:14,0
DA:17,0
DA:21,0
DA:25,0
DA:30,0
DA:36,0
DA:46,0
DA:51,0
DA:54,1
LF:13
LH:2
BRDA:10,0,0,0
BRDA:10,0,1,0
BRDA:30,1,0,0
BRDA:30,1,1,0
BRDA:51,2,0,0
BRDA:51,2,1,0
BRF:6
BRH:0
end_of_record
TN:
SF:src\repositories\fridgeRepository.js
FN:4,createFridge
FN:13,getFridgeById
FN:17,getFridgesNear
FN:21,listMyPublicFridges
FNF:4
FNH:0
FNDA:0,createFridge
FNDA:0,getFridgeById
FNDA:0,getFridgesNear
FNDA:0,listMyPublicFridges
DA:2,2
DA:5,0
DA:10,0
DA:14,0
DA:18,0
DA:22,0
DA:31,2
LF:7
LH:2
BRDA:8,0,0,0
BRDA:8,0,1,0
BRDA:8,1,0,0
BRDA:8,1,1,0
BRDA:8,2,0,0
BRDA:8,2,1,0
BRDA:8,3,0,0
BRDA:8,3,1,0
BRDA:8,4,0,0
BRDA:8,4,1,0
BRDA:14,5,0,0
BRDA:14,5,1,0
BRF:12
BRH:0
end_of_record
TN:
SF:src\repositories\itemRepository.js
FN:4,createItem
FN:41,listLatestFeed
FN:69,listItemsInFridge
FN:77,getItemById
FN:81,reserveIfAvailable
FN:92,markItemStatus
FN:103,markItemStatusTx
FN:113,findExpiringItems
FN:122,listFeed
FN:207,listMapMarkers
FN:260,listMyPrivateItems
FN:276,listMyPublicItems
FN:292,updateItemById
FN:314,removeItemById
FN:323,getItemDetail
FN:341,findMyPublicItemsWithSummary
FN:363,getPublicProfileBundle
FN:389,listPublicItemsByUser
FNF:18
FNH:1
FNDA:0,createItem
FNDA:0,listLatestFeed
FNDA:0,listItemsInFridge
FNDA:0,getItemById
FNDA:0,reserveIfAvailable
FNDA:0,markItemStatus
FNDA:0,markItemStatusTx
FNDA:3,findExpiringItems
FNDA:0,listFeed
FNDA:0,listMapMarkers
FNDA:0,listMyPrivateItems
FNDA:0,listMyPublicItems
FNDA:0,updateItemById
FNDA:0,removeItemById
FNDA:0,getItemDetail
FNDA:0,findMyPublicItemsWithSummary
FNDA:0,getPublicProfileBundle
FNDA:0,listPublicItemsByUser
DA:2,3
DA:18,0
DA:38,0
DA:42,0
DA:43,0
DA:70,0
DA:78,0
DA:82,0
DA:88,0
DA:89,0
DA:93,0
DA:99,0
DA:104,0
DA:110,0
DA:114,3
DA:123,0
DA:124,0
DA:125,0
DA:127,0
DA:128,0
DA:130,0
DA:131,0
DA:132,0
DA:138,0
DA:139,0
DA:140,0
DA:143,0
DA:145,0
DA:146,0
DA:147,0
DA:150,0
DA:151,0
DA:152,0
DA:154,0
DA:155,0
DA:157,0
DA:158,0
DA:163,0
DA:164,0
DA:172,0
DA:173,0
DA:182,0
DA:183,0
DA:185,0
DA:204,0
DA:208,0
DA:209,0
DA:210,0
DA:213,0
DA:214,0
DA:216,0
DA:261,0
DA:277,0
DA:293,0
DA:311,0
DA:315,0
DA:320,0
DA:324,0
DA:344,0
DA:364,0
DA:371,0
DA:386,0
DA:390,0
DA:412,3
LF:64
LH:3
BRDA:28,0,0,0
BRDA:28,0,1,0
BRDA:29,1,0,0
BRDA:29,1,1,0
BRDA:30,2,0,0
BRDA:30,2,1,0
BRDA:31,3,0,0
BRDA:31,3,1,0
BRDA:32,4,0,0
BRDA:32,4,1,0
BRDA:33,5,0,0
BRDA:33,5,1,0
BRDA:34,6,0,0
BRDA:34,6,1,0
BRDA:35,7,0,0
BRDA:35,7,1,0
BRDA:36,8,0,0
BRDA:36,8,1,0
BRDA:41,9,0,0
BRDA:41,10,0,0
BRDA:41,11,0,0
BRDA:41,12,0,0
BRDA:42,13,0,0
BRDA:42,13,1,0
BRDA:66,14,0,0
BRDA:66,14,1,0
BRDA:78,15,0,0
BRDA:78,15,1,0
BRDA:89,16,0,0
BRDA:89,16,1,0
BRDA:89,17,0,0
BRDA:89,17,1,0
BRDA:99,18,0,0
BRDA:99,18,1,0
BRDA:110,19,0,0
BRDA:110,19,1,0
BRDA:113,20,0,0
BRDA:122,21,0,0
BRDA:122,22,0,0
BRDA:122,23,0,0
BRDA:122,24,0,0
BRDA:122,25,0,0
BRDA:122,26,0,0
BRDA:122,27,0,0
BRDA:122,28,0,0
BRDA:125,29,0,0
BRDA:125,29,1,0
BRDA:130,30,0,0
BRDA:130,30,1,0
BRDA:138,31,0,0
BRDA:138,31,1,0
BRDA:145,32,0,0
BRDA:145,32,1,0
BRDA:146,33,0,0
BRDA:146,33,1,0
BRDA:146,34,0,0
BRDA:146,34,1,0
BRDA:182,35,0,0
BRDA:182,35,1,0
BRDA:200,36,0,0
BRDA:200,36,1,0
BRDA:207,37,0,0
BRDA:207,38,0,0
BRDA:207,39,0,0
BRDA:207,40,0,0
BRDA:260,41,0,0
BRDA:276,42,0,0
BRDA:307,43,0,0
BRDA:307,43,1,0
BRDA:307,44,0,0
BRDA:307,44,1,0
BRDA:307,45,0,0
BRDA:307,45,1,0
BRDA:308,46,0,0
BRDA:308,46,1,0
BRDA:308,47,0,0
BRDA:308,47,1,0
BRDA:308,48,0,0
BRDA:308,48,1,0
BRDA:309,49,0,0
BRDA:309,49,1,0
BRDA:311,50,0,0
BRDA:311,50,1,0
BRDA:320,51,0,0
BRDA:320,51,1,0
BRDA:324,52,0,0
BRDA:324,52,1,0
BRDA:341,53,0,0
BRDA:363,54,0,0
BRDA:364,55,0,0
BRDA:364,55,1,0
BRDA:389,56,0,0
BRF:92
BRH:0
end_of_record
TN:
SF:src\repositories\privateFridgeRepository.js
FN:6,listMyPrivateFridges
FN:15,createPrivateFridge
FN:23,getMyPrivateFridgeById
FN:34,listItemsInPrivateFridge
FN:47,createPrivateItem
FN:78,moveItemToFridge
FN:88,updateMyPrivateFridge
FN:107,deleteItemInMyPrivateFridge
FN:119,deleteMyPrivateFridge
FN:127,getItemInMyPrivateFridge
FN:140,updateItemInMyPrivateFridge
FN:192,deleteItemsInMyPrivateFridgeSync
FN:202,deleteMyPrivateFridgeSync
FN:209,listExpiringItemsInMyPrivateFridge
FNF:14
FNH:0
FNDA:0,listMyPrivateFridges
FNDA:0,createPrivateFridge
FNDA:0,getMyPrivateFridgeById
FNDA:0,listItemsInPrivateFridge
FNDA:0,createPrivateItem
FNDA:0,moveItemToFridge
FNDA:0,updateMyPrivateFridge
FNDA:0,deleteItemInMyPrivateFridge
FNDA:0,deleteMyPrivateFridge
FNDA:0,getItemInMyPrivateFridge
FNDA:0,updateItemInMyPrivateFridge
FNDA:0,deleteItemsInMyPrivateFridgeSync
FNDA:0,deleteMyPrivateFridgeSync
FNDA:0,listExpiringItemsInMyPrivateFridge
DA:2,1
DA:7,0
DA:16,0
DA:20,0
DA:24,0
DA:35,0
DA:58,0
DA:75,0
DA:79,0
DA:85,0
DA:89,0
DA:100,0
DA:108,0
DA:116,0
DA:120,0
DA:124,0
DA:128,0
DA:149,0
DA:152,0
DA:153,0
DA:157,0
DA:158,0
DA:159,0
DA:160,0
DA:162,0
DA:165,0
DA:188,0
DA:193,0
DA:203,0
DA:210,0
DA:224,1
LF:31
LH:2
BRDA:19,0,0,0
BRDA:19,0,1,0
BRDA:19,1,0,0
BRDA:19,1,1,0
BRDA:19,2,0,0
BRDA:19,2,1,0
BRDA:19,3,0,0
BRDA:19,3,1,0
BRDA:24,4,0,0
BRDA:24,4,1,0
BRDA:68,5,0,0
BRDA:68,5,1,0
BRDA:69,6,0,0
BRDA:69,6,1,0
BRDA:70,7,0,0
BRDA:70,7,1,0
BRDA:71,8,0,0
BRDA:71,8,1,0
BRDA:72,9,0,0
BRDA:72,9,1,0
BRDA:73,10,0,0
BRDA:73,10,1,0
BRDA:85,11,0,0
BRDA:85,11,1,0
BRDA:99,12,0,0
BRDA:99,12,1,0
BRDA:99,13,0,0
BRDA:99,13,1,0
BRDA:99,14,0,0
BRDA:99,14,1,0
BRDA:99,15,0,0
BRDA:99,15,1,0
BRDA:99,16,0,0
BRDA:99,16,1,0
BRDA:100,17,0,0
BRDA:100,17,1,0
BRDA:128,18,0,0
BRDA:128,18,1,0
BRDA:149,19,0,0
BRDA:149,19,1,0
BRDA:153,20,0,0
BRDA:153,20,1,0
BRDA:157,21,0,0
BRDA:157,21,1,0
BRDA:159,22,0,0
BRDA:159,22,1,0
BRDA:159,23,0,0
BRDA:159,23,1,0
BRDA:178,24,0,0
BRDA:178,24,1,0
BRDA:179,25,0,0
BRDA:179,25,1,0
BRDA:180,26,0,0
BRDA:180,26,1,0
BRDA:181,27,0,0
BRDA:181,27,1,0
BRDA:182,28,0,0
BRDA:182,28,1,0
BRDA:184,29,0,0
BRDA:184,29,1,0
BRDA:188,30,0,0
BRDA:188,30,1,0
BRDA:209,31,0,0
BRF:63
BRH:0
end_of_record
TN:
SF:src\repositories\userRepository.js
FN:5,createUser
FN:18,getUserByUsername
FN:22,getUserByEmail
FN:30,incrementKindnessPoints
FN:40,getUserByFirebaseUid
FN:48,getUserById
FN:57,listTopDonors
FN:66,updateUserById
FNF:8
FNH:0
FNDA:0,createUser
FNDA:0,getUserByUsername
FNDA:0,getUserByEmail
FNDA:0,incrementKindnessPoints
FNDA:0,getUserByFirebaseUid
FNDA:0,getUserById
FNDA:0,listTopDonors
FNDA:0,updateUserById
DA:2,2
DA:6,0
DA:10,0
DA:11,0
DA:19,0
DA:23,0
DA:31,0
DA:37,0
DA:41,0
DA:49,0
DA:58,0
DA:67,0
DA:78,0
DA:85,2
LF:14
LH:2
BRDA:19,0,0,0
BRDA:19,0,1,0
BRDA:23,1,0,0
BRDA:23,1,1,0
BRDA:37,2,0,0
BRDA:37,2,1,0
BRDA:41,3,0,0
BRDA:41,3,1,0
BRDA:49,4,0,0
BRDA:49,4,1,0
BRDA:57,5,0,0
BRDA:76,6,0,0
BRDA:76,6,1,0
BRDA:76,7,0,0
BRDA:76,7,1,0
BRDA:76,8,0,0
BRDA:76,8,1,0
BRDA:76,9,0,0
BRDA:76,9,1,0
BRDA:78,10,0,0
BRDA:78,10,1,0
BRF:21
BRH:0
end_of_record
TN:
SF:src\routes\authRoutes.js
FNF:0
FNH:0
DA:1,1
DA:2,1
DA:3,1
DA:4,1
DA:5,1
DA:6,1
DA:8,1
DA:20,1
DA:21,1
DA:23,1
LF:10
LH:10
BRF:0
BRH:0
end_of_record
TN:
SF:src\routes\chatRoutes.js
FNF:0
FNH:0
DA:1,1
DA:2,1
DA:3,1
DA:4,1
DA:6,1
DA:7,1
DA:9,1
DA:10,1
DA:12,1
LF:9
LH:9
BRF:0
BRH:0
end_of_record
TN:
SF:src\routes\donationRoutes.js
FNF:0
FNH:0
DA:1,1
DA:2,1
DA:3,1
DA:4,1
DA:5,1
DA:6,1
DA:7,1
DA:8,1
DA:15,1
DA:19,1
DA:28,1
DA:40,1
DA:51,1
DA:62,1
DA:71,1
DA:77,1
LF:16
LH:16
BRF:0
BRH:0
end_of_record
TN:
SF:src\routes\followRoutes.js
FNF:0
FNH:0
DA:1,1
DA:2,1
DA:3,1
DA:4,1
DA:6,1
DA:7,1
DA:8,1
DA:10,1
LF:8
LH:8
BRF:0
BRH:0
end_of_record
TN:
SF:src\routes\fridgeRoutes.js
FNF:0
FNH:0
DA:1,1
DA:2,1
DA:3,1
DA:4,1
DA:5,1
DA:6,1
DA:7,1
DA:9,1
DA:18,1
DA:26,1
DA:28,1
LF:11
LH:11
BRF:0
BRH:0
end_of_record
TN:
SF:src\routes\itemFeedRoutes.js
FNF:0
FNH:0
DA:1,1
DA:2,1
DA:3,1
DA:4,1
DA:6,1
DA:8,1
LF:6
LH:6
BRF:0
BRH:0
end_of_record
TN:
SF:src\routes\itemRoutes.js
FNF:0
FNH:0
DA:1,1
DA:2,1
DA:3,1
DA:4,1
DA:5,1
DA:6,1
DA:7,1
DA:8,1
DA:18,1
DA:36,1
DA:37,1
DA:38,1
DA:40,1
DA:41,1
DA:44,1
DA:47,1
DA:49,1
DA:57,1
DA:65,1
DA:73,1
LF:20
LH:20
BRF:0
BRH:0
end_of_record
TN:
SF:src\routes\privateFridgeRoutes.js
FNF:0
FNH:0
DA:1,1
DA:2,1
DA:3,1
DA:4,1
DA:5,1
DA:6,1
DA:7,1
DA:9,1
DA:17,1
DA:27,1
DA:35,1
DA:50,1
DA:51,1
DA:54,1
DA:62,1
DA:73,1
DA:80,1
DA:82,1
DA:84,1
DA:92,1
DA:94,1
DA:102,1
DA:109,1
LF:23
LH:23
BRF:0
BRH:0
end_of_record
TN:
SF:src\routes\uploadRoutes.js
FNF:0
FNH:0
DA:1,1
DA:2,1
DA:3,1
DA:4,1
DA:6,1
DA:9,1
DA:14,1
DA:16,1
LF:8
LH:8
BRF:0
BRH:0
end_of_record
TN:
SF:src\routes\userRoutes.js
FNF:0
FNH:0
DA:1,1
DA:2,1
DA:3,1
DA:4,1
DA:6,1
DA:7,1
DA:8,1
DA:9,1
DA:11,1
LF:9
LH:9
BRF:0
BRH:0
end_of_record
TN:
SF:src\services\authService.js
FN:7,registerUser
FN:39,getMe
FN:45,getMeByFirebaseUid
FNF:3
FNH:0
FNDA:0,registerUser
FNDA:0,getMe
FNDA:0,getMeByFirebaseUid
DA:2,1
DA:3,1
DA:5,1
DA:8,0
DA:9,0
DA:12,0
DA:13,0
DA:16,0
DA:17,0
DA:18,0
DA:21,0
DA:22,0
DA:23,0
DA:24,0
DA:28,0
DA:36,0
DA:40,0
DA:41,0
DA:42,0
DA:46,0
DA:47,0
DA:48,0
DA:51,1
LF:23
LH:4
BRDA:8,0,0,0
BRDA:8,0,1,0
BRDA:12,1,0,0
BRDA:12,1,1,0
BRDA:17,2,0,0
BRDA:17,2,1,0
BRDA:21,3,0,0
BRDA:21,3,1,0
BRDA:23,4,0,0
BRDA:23,4,1,0
BRDA:41,5,0,0
BRDA:41,5,1,0
BRDA:47,6,0,0
BRDA:47,6,1,0
BRF:14
BRH:0
end_of_record
TN:
SF:src\services\donationService.js
FN:13,requestDonation
FN:41,listItemRequests
FN:58,acceptRequest
FN:59,(anonymous_3)
FN:121,confirmPickup
FN:122,(anonymous_5)
FN:188,rejectRequest
FN:194,listUserDonations
FNF:8
FNH:2
FNDA:5,requestDonation
FNDA:3,listItemRequests
FNDA:0,acceptRequest
FNDA:0,(anonymous_3)
FNDA:0,confirmPickup
FNDA:0,(anonymous_5)
FNDA:0,rejectRequest
FNDA:0,listUserDonations
DA:2,2
DA:3,2
DA:4,2
DA:5,2
DA:6,2
DA:7,2
DA:14,5
DA:15,5
DA:17,4
DA:18,1
DA:21,3
DA:22,1
DA:25,2
DA:26,2
DA:28,1
DA:35,1
DA:42,3
DA:43,3
DA:44,2
DA:46,1
DA:59,0
DA:60,0
DA:61,0
DA:63,0
DA:64,0
DA:66,0
DA:67,0
DA:70,0
DA:71,0
DA:72,0
DA:73,0
DA:77,0
DA:84,0
DA:87,0
DA:96,0
DA:104,0
DA:109,0
DA:112,0
DA:122,0
DA:123,0
DA:124,0
DA:126,0
DA:127,0
DA:130,0
DA:131,0
DA:134,0
DA:135,0
DA:137,0
DA:138,0
DA:141,0
DA:142,0
DA:149,0
DA:157,0
DA:159,0
DA:160,0
DA:162,0
DA:171,0
DA:173,0
DA:175,0
DA:176,0
DA:179,0
DA:182,0
DA:185,0
DA:189,0
DA:190,0
DA:191,0
DA:195,0
DA:198,2
LF:68
LH:21
BRDA:13,0,0,5
BRDA:15,1,0,1
BRDA:15,1,1,4
BRDA:17,2,0,1
BRDA:17,2,1,3
BRDA:21,3,0,1
BRDA:21,3,1,2
BRDA:26,4,0,1
BRDA:26,4,1,1
BRDA:43,5,0,1
BRDA:43,5,1,2
BRDA:44,6,0,1
BRDA:44,6,1,1
BRDA:61,7,0,0
BRDA:61,7,1,0
BRDA:63,8,0,0
BRDA:63,8,1,0
BRDA:66,9,0,0
BRDA:66,9,1,0
BRDA:71,10,0,0
BRDA:71,10,1,0
BRDA:72,11,0,0
BRDA:72,11,1,0
BRDA:124,12,0,0
BRDA:124,12,1,0
BRDA:126,13,0,0
BRDA:126,13,1,0
BRDA:130,14,0,0
BRDA:130,14,1,0
BRDA:137,15,0,0
BRDA:137,15,1,0
BRDA:137,16,0,0
BRDA:137,16,1,0
BRDA:141,17,0,0
BRDA:141,17,1,0
BRDA:159,18,0,0
BRDA:159,18,1,0
BRDA:159,19,0,0
BRDA:159,19,1,0
BRDA:173,20,0,0
BRDA:173,20,1,0
BRDA:188,21,0,0
BRDA:190,22,0,0
BRDA:190,22,1,0
BRF:44
BRH:13
end_of_record
TN:
SF:src\services\fridgeService.js
FN:5,createFridge
FN:20,getNearbyFridges
FN:22,(anonymous_2)
FN:30,getFridgeById
FNF:4
FNH:0
FNDA:0,createFridge
FNDA:0,getNearbyFridges
FNDA:0,(anonymous_2)
FNDA:0,getFridgeById
DA:1,1
DA:2,1
DA:3,1
DA:6,0
DA:7,0
DA:9,0
DA:21,0
DA:22,0
DA:23,0
DA:24,0
DA:25,0
DA:27,0
DA:31,0
DA:32,0
DA:33,0
DA:36,1
LF:16
LH:4
BRDA:6,0,0,0
BRDA:6,0,1,0
BRDA:6,1,0,0
BRDA:6,1,1,0
BRDA:6,1,2,0
BRDA:16,2,0,0
BRDA:16,2,1,0
BRDA:20,3,0,0
BRDA:23,4,0,0
BRDA:23,4,1,0
BRDA:23,5,0,0
BRDA:23,5,1,0
BRDA:32,6,0,0
BRDA:32,6,1,0
BRF:14
BRH:0
end_of_record
TN:
SF:src\services\itemService.js
FN:6,createItemForFridge
FN:25,listFridgeItems
FN:29,markItemExpired
FN:33,getFeed
FN:37,getMyPrivateItems
FN:41,getMapMarkers
FN:45,getItemDetail
FN:49,getLatestFeed
FN:53,getPublicItemsByUser
FN:57,updateMyItem
FN:63,getMyPublicItems
FN:67,removeMyItem
FN:73,getPublicProfileBundle
FN:77,createPublicDonation
FNF:14
FNH:5
FNDA:3,createItemForFridge
FNDA:0,listFridgeItems
FNDA:1,markItemExpired
FNDA:0,getFeed
FNDA:0,getMyPrivateItems
FNDA:0,getMapMarkers
FNDA:0,getItemDetail
FNDA:3,getLatestFeed
FNDA:0,getPublicItemsByUser
FNDA:2,updateMyItem
FNDA:0,getMyPublicItems
FNDA:2,removeMyItem
FNDA:0,getPublicProfileBundle
FNDA:0,createPublicDonation
DA:2,2
DA:3,2
DA:4,2
DA:7,3
DA:8,3
DA:10,2
DA:11,1
DA:14,1
DA:26,0
DA:30,1
DA:34,0
DA:38,0
DA:42,0
DA:46,0
DA:50,3
DA:54,0
DA:58,2
DA:59,2
DA:60,1
DA:64,0
DA:68,2
DA:69,2
DA:70,1
DA:74,0
DA:91,0
DA:107,2
LF:26
LH:17
BRDA:8,0,0,1
BRDA:8,0,1,2
BRDA:10,1,0,1
BRDA:10,1,1,1
BRDA:49,2,0,2
BRDA:49,3,0,2
BRDA:49,4,0,2
BRDA:49,5,0,2
BRDA:53,6,0,0
BRDA:59,7,0,1
BRDA:59,7,1,1
BRDA:69,8,0,1
BRDA:69,8,1,1
BRDA:73,9,0,0
BRF:14
BRH:12
end_of_record
TN:
SF:src\services\kindnessService.js
FN:5,awardKindnessPoints
FNF:1
FNH:0
FNDA:0,awardKindnessPoints
DA:2,2
DA:6,0
DA:7,0
DA:10,2
LF:4
LH:2
BRDA:6,0,0,0
BRDA:6,0,1,0
BRDA:6,1,0,0
BRDA:6,1,1,0
BRF:4
BRH:0
end_of_record
TN:
SF:src\services\notificationService.js
FN:5,sendExpiryNotification
FNF:1
FNH:0
FNDA:0,sendExpiryNotification
DA:1,1
DA:3,1
DA:6,0
DA:8,0
DA:10,0
DA:14,0
DA:17,1
LF:7
LH:3
BRDA:8,0,0,0
BRDA:8,0,1,0
BRF:2
BRH:0
end_of_record
TN:
SF:src\services\privateFridgeService.js
FN:7,roleUpper
FN:11,listMyPrivateFridges
FN:15,createPrivateFridge
FN:26,listItems
FN:32,addPrivateItem
FN:59,transferItemToPublicFridge
FN:84,listMyPublicFridges
FN:87,updatePrivateFridge
FN:102,deletePrivateFridge
FN:107,(anonymous_9)
FN:115,updatePrivateItem
FN:131,deletePrivateItem
FN:141,listExpiringItemsInPrivateFridge
FNF:13
FNH:0
FNDA:0,roleUpper
FNDA:0,listMyPrivateFridges
FNDA:0,createPrivateFridge
FNDA:0,listItems
FNDA:0,addPrivateItem
FNDA:0,transferItemToPublicFridge
FNDA:0,listMyPublicFridges
FNDA:0,updatePrivateFridge
FNDA:0,deletePrivateFridge
FNDA:0,(anonymous_9)
FNDA:0,updatePrivateItem
FNDA:0,deletePrivateItem
FNDA:0,listExpiringItemsInPrivateFridge
DA:1,1
DA:2,1
DA:3,1
DA:4,1
DA:5,1
DA:8,0
DA:12,0
DA:16,0
DA:27,0
DA:28,0
DA:29,0
DA:43,0
DA:44,0
DA:46,0
DA:60,0
DA:61,0
DA:63,0
DA:64,0
DA:67,0
DA:68,0
DA:71,0
DA:72,0
DA:74,0
DA:75,0
DA:78,0
DA:79,0
DA:81,0
DA:85,0
DA:88,0
DA:89,0
DA:91,0
DA:103,0
DA:104,0
DA:107,0
DA:108,0
DA:109,0
DA:112,0
DA:116,0
DA:117,0
DA:119,0
DA:120,0
DA:123,0
DA:132,0
DA:133,0
DA:135,0
DA:136,0
DA:138,0
DA:142,0
DA:143,0
DA:145,0
DA:149,1
LF:51
LH:6
BRDA:8,0,0,0
BRDA:8,0,1,0
BRDA:28,1,0,0
BRDA:28,1,1,0
BRDA:44,2,0,0
BRDA:44,2,1,0
BRDA:61,3,0,0
BRDA:61,3,1,0
BRDA:64,4,0,0
BRDA:64,4,1,0
BRDA:67,5,0,0
BRDA:67,5,1,0
BRDA:72,6,0,0
BRDA:72,6,1,0
BRDA:74,7,0,0
BRDA:74,7,1,0
BRDA:78,8,0,0
BRDA:78,8,1,0
BRDA:89,9,0,0
BRDA:89,9,1,0
BRDA:104,10,0,0
BRDA:104,10,1,0
BRDA:117,11,0,0
BRDA:117,11,1,0
BRDA:120,12,0,0
BRDA:120,12,1,0
BRDA:133,13,0,0
BRDA:133,13,1,0
BRDA:136,14,0,0
BRDA:136,14,1,0
BRDA:141,15,0,0
BRDA:143,16,0,0
BRDA:143,16,1,0
BRF:33
BRH:0
end_of_record
TN:
SF:src\services\userService.js
FN:5,getUserSummary
FN:11,(anonymous_1)
FN:12,(anonymous_2)
FN:16,getTopDonors
FN:19,updateMe
FNF:5
FNH:0
FNDA:0,getUserSummary
FNDA:0,(anonymous_1)
FNDA:0,(anonymous_2)
FNDA:0,getTopDonors
FNDA:0,updateMe
DA:1,1
DA:2,1
DA:3,1
DA:6,0
DA:7,0
DA:8,0
DA:11,0
DA:12,0
DA:17,0
DA:20,0
DA:27,0
DA:28,0
DA:29,0
DA:31,1
LF:14
LH:4
BRDA:11,0,0,0
BRDA:11,0,1,0
BRDA:16,1,0,0
BRDA:28,2,0,0
BRDA:28,2,1,0
BRF:5
BRH:0
end_of_record
TN:
SF:src\sockets\socketHandler.js
FN:15,getCachedUid
FN:25,setCachedUid
FN:32,parseId
FN:40,initSocket
FN:50,(anonymous_4)
FN:58,(anonymous_5)
FN:97,(anonymous_6)
FN:124,(anonymous_7)
FN:150,(anonymous_8)
FNF:9
FNH:0
FNDA:0,getCachedUid
FNDA:0,setCachedUid
FNDA:0,parseId
FNDA:0,initSocket
FNDA:0,(anonymous_4)
FNDA:0,(anonymous_5)
FNDA:0,(anonymous_6)
FNDA:0,(anonymous_7)
FNDA:0,(anonymous_8)
DA:2,0
DA:3,0
DA:4,0
DA:5,0
DA:6,0
DA:7,0
DA:12,0
DA:13,0
DA:16,0
DA:17,0
DA:18,0
DA:19,0
DA:20,0
DA:22,0
DA:26,0
DA:27,0
DA:29,0
DA:33,0
DA:34,0
DA:35,0
DA:37,0
DA:41,0
DA:50,0
DA:51,0
DA:52,0
DA:58,0
DA:59,0
DA:60,0
DA:63,0
DA:64,0
DA:65,0
DA:66,0
DA:67,0
DA:70,0
DA:71,0
DA:73,0
DA:84,0
DA:85,0
DA:87,0
DA:88,0
DA:89,0
DA:97,0
DA:98,0
DA:99,0
DA:101,0
DA:102,0
DA:104,0
DA:105,0
DA:107,0
DA:110,0
DA:111,0
DA:113,0
DA:114,0
DA:116,0
DA:124,0
DA:125,0
DA:126,0
DA:128,0
DA:129,0
DA:131,0
DA:132,0
DA:134,0
DA:137,0
DA:138,0
DA:139,0
DA:140,0
DA:143,0
DA:144,0
DA:146,0
DA:150,0
DA:151,0
DA:153,0
DA:154,0
DA:158,0
DA:161,0
LF:75
LH:0
BRDA:17,0,0,0
BRDA:17,0,1,0
BRDA:18,1,0,0
BRDA:18,1,1,0
BRDA:26,2,0,0
BRDA:26,2,1,0
BRDA:34,3,0,0
BRDA:34,3,1,0
BRDA:34,4,0,0
BRDA:34,4,1,0
BRDA:42,5,0,0
BRDA:42,5,1,0
BRDA:58,6,0,0
BRDA:60,7,0,0
BRDA:60,7,1,0
BRDA:64,8,0,0
BRDA:64,8,1,0
BRDA:71,9,0,0
BRDA:71,9,1,0
BRDA:76,10,0,0
BRDA:76,10,1,0
BRDA:77,11,0,0
BRDA:77,11,1,0
BRDA:78,12,0,0
BRDA:78,12,1,0
BRDA:79,13,0,0
BRDA:79,13,1,0
BRDA:80,14,0,0
BRDA:80,14,1,0
BRDA:81,15,0,0
BRDA:81,15,1,0
BRDA:87,16,0,0
BRDA:87,16,1,0
BRDA:99,17,0,0
BRDA:99,17,1,0
BRDA:105,18,0,0
BRDA:105,18,1,0
BRDA:110,19,0,0
BRDA:110,19,1,0
BRDA:116,20,0,0
BRDA:116,20,1,0
BRDA:124,21,0,0
BRDA:126,22,0,0
BRDA:126,22,1,0
BRDA:131,23,0,0
BRDA:131,23,1,0
BRDA:131,24,0,0
BRDA:131,24,1,0
BRDA:131,24,2,0
BRDA:134,25,0,0
BRDA:134,25,1,0
BRDA:138,26,0,0
BRDA:138,26,1,0
BRDA:140,27,0,0
BRDA:140,27,1,0
BRDA:146,28,0,0
BRDA:146,28,1,0
BRF:57
BRH:0
end_of_record
TN:
SF:src\utils\ApiError.js
FN:2,(anonymous_0)
FNF:1
FNH:1
FNDA:30,(anonymous_0)
DA:3,30
DA:4,30
DA:5,30
DA:9,4
LF:4
LH:4
BRDA:2,0,0,29
BRF:1
BRH:1
end_of_record
TN:
SF:src\utils\geo.js
FN:3,deg2rad
FN:7,distanceKm
FNF:2
FNH:2
FNDA:28,deg2rad
FNDA:7,distanceKm
DA:1,2
DA:4,28
DA:8,7
DA:9,7
DA:12,7
DA:17,7
DA:18,7
DA:21,2
LF:8
LH:8
BRF:0
BRH:0
end_of_record
TN:
SF:src\utils\logger.js
FN:2,(anonymous_0)
FN:3,(anonymous_1)
FN:4,(anonymous_2)
FNF:3
FNH:2
FNDA:4,(anonymous_0)
FNDA:0,(anonymous_1)
FNDA:3,(anonymous_2)
DA:1,1
DA:2,4
DA:3,0
DA:4,3
DA:7,1
LF:5
LH:4
BRF:0
BRH:0
end_of_record
